{"devicePlatform":"","logFolder":"C:\\My doc\\Katalon\\wwwww\\Reports\\case3_API_test\\20180828_150838","runData":{"hostName":"Olena_Mokina - EPUAVINW0211.kyiv.epam.com","hostAddress":"10.24.12.187","os":"Windows 10 64bit","katalonVersion":"5.6.1.1"},"type":"TEST_SUITE","name":"case3_API_test","id":"Test Suites/case3_API_test","source":"","message":"Test Cases/case3_API_test FAILED because (of) Unable to verify element property value (Root cause: Expected element property value \u0027Test\u0027 is not equal with actual property value \u0027Eve\u0027)","description":"","startTime":1535458119000,"endTime":1535458120163,"childRecords":[{"isOptional":false,"type":"TEST_CASE","name":"Test Cases/case3_API_test","id":"Test Cases/case3_API_test","source":"C:\\\\My doc\\\\Katalon\\\\wwwww\\\\Test Cases\\\\case3_API_test.tc","message":"Test Cases/case3_API_test FAILED because (of) Unable to verify element property value (Root cause: Expected element property value \u0027Test\u0027 is not equal with actual property value \u0027Eve\u0027)","description":"","startTime":1535458119214,"endTime":1535458120129,"childRecords":[{"testStatus":{"stackTrace":"","statusValue":"INFO"},"type":"MESSAGE","name":"","message":"Evaluating variables for test case","startTime":1535458119227,"endTime":0,"childRecords":[],"interuppted":false},{"index":1,"isIgnoredIfFailed":false,"type":"TEST_STEP","name":"Statement - response \u003d com.kms.katalon.core.webservice.keyword.WSBuiltInKeywords.sendRequest(com.kms.katalon.core.testobject.ObjectRepository.findTestObject(APItestObjects/GetUserData))","message":"Send request successfully","description":"","startTime":1535458119379,"endTime":1535458120069,"childRecords":[{"testStatus":{"stackTrace":"","statusValue":"PASSED"},"type":"MESSAGE","name":"","message":"Send request successfully","startTime":1535458120067,"endTime":0,"childRecords":[],"interuppted":false}],"interuppted":false},{"index":2,"isIgnoredIfFailed":false,"type":"TEST_STEP","name":"verifyResponseStatusCode","message":"Verify response status code successfully","description":"","startTime":1535458120070,"endTime":1535458120084,"childRecords":[{"testStatus":{"stackTrace":"","statusValue":"PASSED"},"type":"MESSAGE","name":"","message":"Verify response status code successfully","startTime":1535458120083,"endTime":0,"childRecords":[],"interuppted":false}],"interuppted":false},{"index":3,"isIgnoredIfFailed":false,"type":"TEST_STEP","name":"verifyElementPropertyValue","message":"Unable to verify element property value (Root cause: Expected element property value \u0027Test\u0027 is not equal with actual property value \u0027Eve\u0027)","description":"","startTime":1535458120084,"endTime":1535458120127,"childRecords":[{"testStatus":{"stackTrace":"","statusValue":"FAILED"},"type":"MESSAGE","name":"","message":"Expected element property value \u0027Test\u0027 is not equal with actual property value \u0027Eve\u0027","startTime":1535458120125,"endTime":0,"childRecords":[],"interuppted":false},{"testStatus":{"stackTrace":"","statusValue":"FAILED"},"type":"MESSAGE","name":"","message":"Unable to verify element property value (Root cause: Expected element property value \u0027Test\u0027 is not equal with actual property value \u0027Eve\u0027)","startTime":1535458120126,"endTime":0,"childRecords":[],"interuppted":false}],"interuppted":false},{"testStatus":{"stackTrace":"","statusValue":"FAILED"},"type":"MESSAGE","name":"","message":"Test Cases/case3_API_test FAILED because (of) Unable to verify element property value (Root cause: Expected element property value \u0027Test\u0027 is not equal with actual property value \u0027Eve\u0027)","startTime":1535458120127,"endTime":0,"childRecords":[],"interuppted":false}],"interuppted":false}],"interuppted":false}