<?xml version="1.0" encoding="UTF-8"?>
<testsuites name="TestSuiteCase2" time="39" tests="2" failures="2" errors="0">
   <testsuite name="TestSuiteCase2" tests="2" failures="2" errors="0" time="39" timestamp="2018-08-28 17:42:19" hostname="Olena_Mokina - EPUAVINW0211.kyiv.epam.com" id="Test Suites/TestSuiteCase2">
      <properties>
         <property name="deviceName" value=""/>
         <property name="devicePlatform" value=""/>
         <property name="logFolder" value="C:\\My doc\\Katalon\\wwwww\\Reports\\TestSuiteCase2\\20180828_174218"/>
         <property name="logFiles" value="C:\\My doc\\Katalon\\wwwww\\Reports\\TestSuiteCase2\\20180828_174218\\execution0.log"/>
         <property name="attachments" value="C:\\My doc\\Katalon\\wwwww\\Reports\\TestSuiteCase2\\20180828_174218\\1535467366865.png, C:\\My doc\\Katalon\\wwwww\\Reports\\TestSuiteCase2\\20180828_174218\\1535467379171.png"/>
         <property name="hostName" value="Olena_Mokina - EPUAVINW0211.kyiv.epam.com"/>
         <property name="os" value="Windows 10 64bit"/>
         <property name="katalonVersion" value="5.6.1.1"/>
         <property name="browser" value="Firefox 61.0"/>
         <property name="hostAddress" value="10.24.12.187"/>
         <property name="sessionId" value="5705db68-0ecb-4b33-8ffe-ca1c361b39f2"/>
         <property name="seleniumVersion" value="3.7.1"/>
         <property name="proxyInformation" value="ProxyInformation{proxyOption=NO_PROXY, proxyServerType=HTTP, password=, proxyServerAddress=, proxyServerPort=0}"/>
         <property name="platform" value="Windows 10"/>
      </properties>
      <testcase name="Test Cases/case2" classname="Test Cases/case2" status="PASSED">
         <system-out><![CDATA[2018-08-28 17:42:20 - [TEST_CASE][PASSED] - Test Cases/case2: Test Cases/case2

2018-08-28 17:42:20 - [TEST_STEP][PASSED] - openBrowser: Browser is opened with url: ''

2018-08-28 17:42:23 - [MESSAGE][PASSED] - Browser is opened with url: ''

2018-08-28 17:42:23 - [TEST_STEP][PASSED] - navigateToUrl: Navigate to 'https://courses.edx.org/register' successfully

2018-08-28 17:42:26 - [MESSAGE][PASSED] - Navigate to 'https://courses.edx.org/register' successfully

2018-08-28 17:42:26 - [TEST_STEP][PASSED] - setText: Text 'helena1.mokina@gmail.com' is set on object 'Object Repository/Page_Sign in or Register  edX/input_email'

2018-08-28 17:42:27 - [MESSAGE][PASSED] - Text 'helena1.mokina@gmail.com' is set on object 'Object Repository/Page_Sign in or Register  edX/input_email'

2018-08-28 17:42:27 - [TEST_STEP][PASSED] - setText: Text 'helena' is set on object 'Object Repository/Page_Sign in or Register  edX/input_name'

2018-08-28 17:42:27 - [MESSAGE][PASSED] - Text 'helena' is set on object 'Object Repository/Page_Sign in or Register  edX/input_name'

2018-08-28 17:42:27 - [TEST_STEP][PASSED] - setText: Text 'helenjohn' is set on object 'Object Repository/Page_Sign in or Register  edX/input_username'

2018-08-28 17:42:27 - [MESSAGE][PASSED] - Text 'helenjohn' is set on object 'Object Repository/Page_Sign in or Register  edX/input_username'

2018-08-28 17:42:27 - [TEST_STEP][PASSED] - setText: Text '1' is set on object 'Object Repository/Page_Sign in or Register  edX/input_password'

2018-08-28 17:42:27 - [MESSAGE][PASSED] - Text '1' is set on object 'Object Repository/Page_Sign in or Register  edX/input_password'

2018-08-28 17:42:27 - [TEST_STEP][PASSED] - selectOptionByValue: All options with value 'AW' are selected in object 'Object Repository/Page_Sign in or Register  edX/select_Afghanistan'  using regular expression

2018-08-28 17:42:29 - [MESSAGE][PASSED] - All options with value 'AW' are selected in object 'Object Repository/Page_Sign in or Register  edX/select_Afghanistan'  using regular expression

2018-08-28 17:42:29 - [TEST_STEP][PASSED] - click: Object: 'Object Repository/Page_Sign in or Register  edX/button_Create Account' is clicked on

2018-08-28 17:42:29 - [MESSAGE][PASSED] - Object: 'Object Repository/Page_Sign in or Register  edX/button_Create Account' is clicked on

2018-08-28 17:42:29 - [TEST_STEP][PASSED] - waitForElementPresent: Object 'Object Repository/Page_Sign in or Register  edX/StatusErrorMessage' is present

2018-08-28 17:42:29 - [MESSAGE][PASSED] - Object 'Object Repository/Page_Sign in or Register  edX/StatusErrorMessage' is present

2018-08-28 17:42:29 - [TEST_STEP][PASSED] - Statement - text = com.kms.katalon.core.webui.keyword.WebUiBuiltInKeywords.getText(com.kms.katalon.core.testobject.ObjectRepository.findTestObject(Page_Sign in or Register  edX/li_Enter a password with at le)): Text of object 'Object Repository/Page_Sign in or Register  edX/li_Enter a password with at le' is: 'Enter a password with at least 8 characters & 1 letter.'

2018-08-28 17:42:29 - [MESSAGE][PASSED] - Text of object 'Object Repository/Page_Sign in or Register  edX/li_Enter a password with at le' is: 'Enter a password with at least 8 characters & 1 letter.'

2018-08-28 17:42:29 - [TEST_STEP][PASSED] - verifyTextPresent: Text 'Enter a password with at least 8 characters & 1 letter.' is present on page 

2018-08-28 17:42:30 - [MESSAGE][PASSED] - Text 'Enter a password with at least 8 characters & 1 letter.' is present on page 

2018-08-28 17:42:30 - [TEST_STEP][PASSED] - closeBrowser: Browser is closed

2018-08-28 17:42:30 - [MESSAGE][PASSED] - Browser is closed]]></system-out>
         <system-err><![CDATA[]]></system-err>
      </testcase>
      <testcase name="Test Cases/case2" classname="Test Cases/case2" status="PASSED">
         <system-out><![CDATA[2018-08-28 17:42:30 - [TEST_CASE][PASSED] - Test Cases/case2: Test Cases/case2

2018-08-28 17:42:30 - [TEST_STEP][PASSED] - openBrowser: Browser is opened with url: ''

2018-08-28 17:42:32 - [MESSAGE][PASSED] - Browser is opened with url: ''

2018-08-28 17:42:32 - [TEST_STEP][PASSED] - navigateToUrl: Navigate to 'https://courses.edx.org/register' successfully

2018-08-28 17:42:35 - [MESSAGE][PASSED] - Navigate to 'https://courses.edx.org/register' successfully

2018-08-28 17:42:35 - [TEST_STEP][PASSED] - setText: Text 'helena1.mokina@gmail.com' is set on object 'Object Repository/Page_Sign in or Register  edX/input_email'

2018-08-28 17:42:35 - [MESSAGE][PASSED] - Text 'helena1.mokina@gmail.com' is set on object 'Object Repository/Page_Sign in or Register  edX/input_email'

2018-08-28 17:42:35 - [TEST_STEP][PASSED] - setText: Text 'helena' is set on object 'Object Repository/Page_Sign in or Register  edX/input_name'

2018-08-28 17:42:35 - [MESSAGE][PASSED] - Text 'helena' is set on object 'Object Repository/Page_Sign in or Register  edX/input_name'

2018-08-28 17:42:35 - [TEST_STEP][PASSED] - setText: Text '' is set on object 'Object Repository/Page_Sign in or Register  edX/input_username'

2018-08-28 17:42:35 - [MESSAGE][PASSED] - Text '' is set on object 'Object Repository/Page_Sign in or Register  edX/input_username'

2018-08-28 17:42:35 - [TEST_STEP][PASSED] - setText: Text 'Welcome1' is set on object 'Object Repository/Page_Sign in or Register  edX/input_password'

2018-08-28 17:42:35 - [MESSAGE][PASSED] - Text 'Welcome1' is set on object 'Object Repository/Page_Sign in or Register  edX/input_password'

2018-08-28 17:42:35 - [TEST_STEP][PASSED] - selectOptionByValue: All options with value 'AW' are selected in object 'Object Repository/Page_Sign in or Register  edX/select_Afghanistan'  using regular expression

2018-08-28 17:42:38 - [MESSAGE][PASSED] - All options with value 'AW' are selected in object 'Object Repository/Page_Sign in or Register  edX/select_Afghanistan'  using regular expression

2018-08-28 17:42:38 - [TEST_STEP][PASSED] - click: Object: 'Object Repository/Page_Sign in or Register  edX/button_Create Account' is clicked on

2018-08-28 17:42:38 - [MESSAGE][PASSED] - Object: 'Object Repository/Page_Sign in or Register  edX/button_Create Account' is clicked on

2018-08-28 17:42:38 - [TEST_STEP][PASSED] - waitForElementPresent: Object 'Object Repository/Page_Sign in or Register  edX/StatusErrorMessage' is present

2018-08-28 17:42:38 - [MESSAGE][PASSED] - Object 'Object Repository/Page_Sign in or Register  edX/StatusErrorMessage' is present

2018-08-28 17:42:38 - [TEST_STEP][PASSED] - Statement - text = com.kms.katalon.core.webui.keyword.WebUiBuiltInKeywords.getText(com.kms.katalon.core.testobject.ObjectRepository.findTestObject(Page_Sign in or Register  edX/li_Enter a password with at le)): Text of object 'Object Repository/Page_Sign in or Register  edX/li_Enter a password with at le' is: 'Username must be between 2 and 30 characters long.'

2018-08-28 17:42:38 - [MESSAGE][PASSED] - Text of object 'Object Repository/Page_Sign in or Register  edX/li_Enter a password with at le' is: 'Username must be between 2 and 30 characters long.'

2018-08-28 17:42:38 - [TEST_STEP][PASSED] - verifyTextPresent: Text 'Username must be between 2 and 30 characters long.' is present on page 

2018-08-28 17:42:38 - [MESSAGE][PASSED] - Text 'Username must be between 2 and 30 characters long.' is present on page 

2018-08-28 17:42:38 - [TEST_STEP][PASSED] - closeBrowser: Browser is closed

2018-08-28 17:42:39 - [MESSAGE][PASSED] - Browser is closed]]></system-out>
         <system-err><![CDATA[]]></system-err>
      </testcase>
      <testcase name="Test Cases/case2" classname="Test Cases/case2" status="FAILED">
         <failure type="FAILED" message="Unable to verify text 'Enter your full name.' is present  (Root cause: Text 'Enter your full name.' is not present on page )"/>
         <system-out><![CDATA[2018-08-28 17:42:39 - [TEST_CASE][FAILED] - Test Cases/case2: Test Cases/case2 FAILED because (of) Unable to verify text 'Enter your full name.' is present  (Root cause: Text 'Enter your full name.' is not present on page )

2018-08-28 17:42:39 - [TEST_STEP][PASSED] - openBrowser: Browser is opened with url: ''

2018-08-28 17:42:41 - [MESSAGE][PASSED] - Browser is opened with url: ''

2018-08-28 17:42:41 - [TEST_STEP][PASSED] - navigateToUrl: Navigate to 'https://courses.edx.org/register' successfully

2018-08-28 17:42:43 - [MESSAGE][PASSED] - Navigate to 'https://courses.edx.org/register' successfully

2018-08-28 17:42:43 - [TEST_STEP][PASSED] - setText: Text 'helena1.mokina@gmail.com' is set on object 'Object Repository/Page_Sign in or Register  edX/input_email'

2018-08-28 17:42:43 - [MESSAGE][PASSED] - Text 'helena1.mokina@gmail.com' is set on object 'Object Repository/Page_Sign in or Register  edX/input_email'

2018-08-28 17:42:43 - [TEST_STEP][PASSED] - setText: Text '' is set on object 'Object Repository/Page_Sign in or Register  edX/input_name'

2018-08-28 17:42:43 - [MESSAGE][PASSED] - Text '' is set on object 'Object Repository/Page_Sign in or Register  edX/input_name'

2018-08-28 17:42:43 - [TEST_STEP][PASSED] - setText: Text 'helenjohn' is set on object 'Object Repository/Page_Sign in or Register  edX/input_username'

2018-08-28 17:42:43 - [MESSAGE][PASSED] - Text 'helenjohn' is set on object 'Object Repository/Page_Sign in or Register  edX/input_username'

2018-08-28 17:42:43 - [TEST_STEP][PASSED] - setText: Text 'Welcome1' is set on object 'Object Repository/Page_Sign in or Register  edX/input_password'

2018-08-28 17:42:43 - [MESSAGE][PASSED] - Text 'Welcome1' is set on object 'Object Repository/Page_Sign in or Register  edX/input_password'

2018-08-28 17:42:43 - [TEST_STEP][PASSED] - selectOptionByValue: All options with value 'AW' are selected in object 'Object Repository/Page_Sign in or Register  edX/select_Afghanistan'  using regular expression

2018-08-28 17:42:46 - [MESSAGE][PASSED] - All options with value 'AW' are selected in object 'Object Repository/Page_Sign in or Register  edX/select_Afghanistan'  using regular expression

2018-08-28 17:42:46 - [TEST_STEP][PASSED] - click: Object: 'Object Repository/Page_Sign in or Register  edX/button_Create Account' is clicked on

2018-08-28 17:42:46 - [MESSAGE][PASSED] - Object: 'Object Repository/Page_Sign in or Register  edX/button_Create Account' is clicked on

2018-08-28 17:42:46 - [TEST_STEP][PASSED] - waitForElementPresent: Object 'Object Repository/Page_Sign in or Register  edX/StatusErrorMessage' is present

2018-08-28 17:42:46 - [MESSAGE][PASSED] - Object 'Object Repository/Page_Sign in or Register  edX/StatusErrorMessage' is present

2018-08-28 17:42:46 - [TEST_STEP][PASSED] - Statement - text = com.kms.katalon.core.webui.keyword.WebUiBuiltInKeywords.getText(com.kms.katalon.core.testobject.ObjectRepository.findTestObject(Page_Sign in or Register  edX/li_Enter a password with at le)): Text of object 'Object Repository/Page_Sign in or Register  edX/li_Enter a password with at le' is: 'Please enter your Full Name.'

2018-08-28 17:42:46 - [MESSAGE][PASSED] - Text of object 'Object Repository/Page_Sign in or Register  edX/li_Enter a password with at le' is: 'Please enter your Full Name.'

2018-08-28 17:42:46 - [TEST_STEP][FAILED] - verifyTextPresent: Unable to verify text 'Enter your full name.' is present  (Root cause: Text 'Enter your full name.' is not present on page )

2018-08-28 17:42:46 - [MESSAGE][FAILED] - Text 'Enter your full name.' is not present on page 

2018-08-28 17:42:46 - [MESSAGE][FAILED] - Unable to verify text 'Enter your full name.' is present  (Root cause: Text 'Enter your full name.' is not present on page )
[[ATTACHMENT|C:\\My doc\\Katalon\\wwwww\\Reports\\TestSuiteCase2\\20180828_174218\\1535467366865.png]]]]></system-out>
         <system-err><![CDATA[2018-08-28 17:42:39 - [TEST_CASE][FAILED] - Test Cases/case2: Test Cases/case2 FAILED because (of) Unable to verify text 'Enter your full name.' is present  (Root cause: Text 'Enter your full name.' is not present on page )]]></system-err>
      </testcase>
      <testcase name="Test Cases/case2" classname="Test Cases/case2" status="FAILED">
         <failure type="FAILED" message="Unable to verify text 'Test' is present  (Root cause: Text 'Test' is not present on page )"/>
         <system-out><![CDATA[2018-08-28 17:42:46 - [TEST_CASE][FAILED] - Test Cases/case2: Test Cases/case2 FAILED because (of) Unable to verify text 'Test' is present  (Root cause: Text 'Test' is not present on page )

2018-08-28 17:42:46 - [TEST_STEP][PASSED] - openBrowser: Browser is opened with url: ''

2018-08-28 17:42:46 - [MESSAGE][WARNING] - A browser is already opened. Closing browser and opening a new one

2018-08-28 17:42:49 - [MESSAGE][PASSED] - Browser is opened with url: ''

2018-08-28 17:42:49 - [TEST_STEP][PASSED] - navigateToUrl: Navigate to 'https://courses.edx.org/register' successfully

2018-08-28 17:42:55 - [MESSAGE][PASSED] - Navigate to 'https://courses.edx.org/register' successfully

2018-08-28 17:42:55 - [TEST_STEP][PASSED] - setText: Text 'helena1.mokina@gmail.com' is set on object 'Object Repository/Page_Sign in or Register  edX/input_email'

2018-08-28 17:42:56 - [MESSAGE][PASSED] - Text 'helena1.mokina@gmail.com' is set on object 'Object Repository/Page_Sign in or Register  edX/input_email'

2018-08-28 17:42:56 - [TEST_STEP][PASSED] - setText: Text '' is set on object 'Object Repository/Page_Sign in or Register  edX/input_name'

2018-08-28 17:42:56 - [MESSAGE][PASSED] - Text '' is set on object 'Object Repository/Page_Sign in or Register  edX/input_name'

2018-08-28 17:42:56 - [TEST_STEP][PASSED] - setText: Text 'helenjohn' is set on object 'Object Repository/Page_Sign in or Register  edX/input_username'

2018-08-28 17:42:56 - [MESSAGE][PASSED] - Text 'helenjohn' is set on object 'Object Repository/Page_Sign in or Register  edX/input_username'

2018-08-28 17:42:56 - [TEST_STEP][PASSED] - setText: Text 'Welcome1' is set on object 'Object Repository/Page_Sign in or Register  edX/input_password'

2018-08-28 17:42:56 - [MESSAGE][PASSED] - Text 'Welcome1' is set on object 'Object Repository/Page_Sign in or Register  edX/input_password'

2018-08-28 17:42:56 - [TEST_STEP][PASSED] - selectOptionByValue: All options with value 'AW' are selected in object 'Object Repository/Page_Sign in or Register  edX/select_Afghanistan'  using regular expression

2018-08-28 17:42:58 - [MESSAGE][PASSED] - All options with value 'AW' are selected in object 'Object Repository/Page_Sign in or Register  edX/select_Afghanistan'  using regular expression

2018-08-28 17:42:58 - [TEST_STEP][PASSED] - click: Object: 'Object Repository/Page_Sign in or Register  edX/button_Create Account' is clicked on

2018-08-28 17:42:58 - [MESSAGE][PASSED] - Object: 'Object Repository/Page_Sign in or Register  edX/button_Create Account' is clicked on

2018-08-28 17:42:58 - [TEST_STEP][PASSED] - waitForElementPresent: Object 'Object Repository/Page_Sign in or Register  edX/StatusErrorMessage' is present

2018-08-28 17:42:58 - [MESSAGE][PASSED] - Object 'Object Repository/Page_Sign in or Register  edX/StatusErrorMessage' is present

2018-08-28 17:42:58 - [TEST_STEP][PASSED] - Statement - text = com.kms.katalon.core.webui.keyword.WebUiBuiltInKeywords.getText(com.kms.katalon.core.testobject.ObjectRepository.findTestObject(Page_Sign in or Register  edX/li_Enter a password with at le)): Text of object 'Object Repository/Page_Sign in or Register  edX/li_Enter a password with at le' is: 'Please enter your Full Name.'

2018-08-28 17:42:58 - [MESSAGE][PASSED] - Text of object 'Object Repository/Page_Sign in or Register  edX/li_Enter a password with at le' is: 'Please enter your Full Name.'

2018-08-28 17:42:58 - [TEST_STEP][FAILED] - verifyTextPresent: Unable to verify text 'Test' is present  (Root cause: Text 'Test' is not present on page )

2018-08-28 17:42:59 - [MESSAGE][FAILED] - Text 'Test' is not present on page 

2018-08-28 17:42:59 - [MESSAGE][FAILED] - Unable to verify text 'Test' is present  (Root cause: Text 'Test' is not present on page )
[[ATTACHMENT|C:\\My doc\\Katalon\\wwwww\\Reports\\TestSuiteCase2\\20180828_174218\\1535467379171.png]]]]></system-out>
         <system-err><![CDATA[2018-08-28 17:42:46 - [TEST_CASE][FAILED] - Test Cases/case2: Test Cases/case2 FAILED because (of) Unable to verify text 'Test' is present  (Root cause: Text 'Test' is not present on page )]]></system-err>
      </testcase>
      <system-out><![CDATA[2018-08-28 17:42:19 - [TEST_SUITE][FAILED] - TestSuiteCase2: Test Cases/case2 FAILED because (of) Unable to verify text 'Enter your full name.' is present  (Root cause: Text 'Enter your full name.' is not present on page )]]></system-out>
      <system-err><![CDATA[2018-08-28 17:42:19 - [TEST_SUITE][FAILED] - TestSuiteCase2: Test Cases/case2 FAILED because (of) Unable to verify text 'Enter your full name.' is present  (Root cause: Text 'Enter your full name.' is not present on page )]]></system-err>
   </testsuite>
</testsuites>
