<?xml version="1.0" encoding="UTF-8"?>
<testsuites name="TestSuiteCase2" time="46" tests="3" failures="2" errors="0">
   <testsuite name="TestSuiteCase2" tests="3" failures="2" errors="0" time="46" timestamp="2018-08-28 16:29:17" hostname="Olena_Mokina - EPUAVINW0211.kyiv.epam.com" id="Test Suites/TestSuiteCase2">
      <properties>
         <property name="deviceName" value=""/>
         <property name="devicePlatform" value=""/>
         <property name="logFolder" value="C:\\My doc\\Katalon\\wwwww\\Reports\\TestSuiteCase2\\20180828_162916"/>
         <property name="logFiles" value="C:\\My doc\\Katalon\\wwwww\\Reports\\TestSuiteCase2\\20180828_162916\\execution0.log"/>
         <property name="attachments" value="C:\\My doc\\Katalon\\wwwww\\Reports\\TestSuiteCase2\\20180828_162916\\1535462975635.png, C:\\My doc\\Katalon\\wwwww\\Reports\\TestSuiteCase2\\20180828_162916\\1535462993181.png"/>
         <property name="hostName" value="Olena_Mokina - EPUAVINW0211.kyiv.epam.com"/>
         <property name="os" value="Windows 10 64bit"/>
         <property name="katalonVersion" value="5.6.1.1"/>
         <property name="browser" value="Firefox 61.0"/>
         <property name="hostAddress" value="10.24.12.187"/>
         <property name="sessionId" value="bacc9c37-deb4-4779-a6d3-6b4ff1822a12"/>
         <property name="seleniumVersion" value="3.7.1"/>
         <property name="proxyInformation" value="ProxyInformation{proxyOption=NO_PROXY, proxyServerType=HTTP, password=, proxyServerAddress=, proxyServerPort=0}"/>
         <property name="platform" value="Windows 10"/>
      </properties>
      <testcase name="Test Cases/case2" classname="Test Cases/case2" status="PASSED">
         <system-out><![CDATA[2018-08-28 16:29:18 - [TEST_CASE][PASSED] - Test Cases/case2: Test Cases/case2

2018-08-28 16:29:18 - [TEST_STEP][PASSED] - openBrowser: Browser is opened with url: ''

2018-08-28 16:29:21 - [MESSAGE][PASSED] - Browser is opened with url: ''

2018-08-28 16:29:21 - [TEST_STEP][PASSED] - navigateToUrl: Navigate to 'https://courses.edx.org/register' successfully

2018-08-28 16:29:24 - [MESSAGE][PASSED] - Navigate to 'https://courses.edx.org/register' successfully

2018-08-28 16:29:24 - [TEST_STEP][PASSED] - setText: Text 'helena1.mokina@gmail.com' is set on object 'Object Repository/Page_Sign in or Register  edX/input_email'

2018-08-28 16:29:24 - [MESSAGE][PASSED] - Text 'helena1.mokina@gmail.com' is set on object 'Object Repository/Page_Sign in or Register  edX/input_email'

2018-08-28 16:29:24 - [TEST_STEP][PASSED] - setText: Text 'helena' is set on object 'Object Repository/Page_Sign in or Register  edX/input_name'

2018-08-28 16:29:24 - [MESSAGE][PASSED] - Text 'helena' is set on object 'Object Repository/Page_Sign in or Register  edX/input_name'

2018-08-28 16:29:24 - [TEST_STEP][PASSED] - setText: Text 'helenjohn' is set on object 'Object Repository/Page_Sign in or Register  edX/input_username'

2018-08-28 16:29:24 - [MESSAGE][PASSED] - Text 'helenjohn' is set on object 'Object Repository/Page_Sign in or Register  edX/input_username'

2018-08-28 16:29:24 - [TEST_STEP][PASSED] - setText: Text '1' is set on object 'Object Repository/Page_Sign in or Register  edX/input_password'

2018-08-28 16:29:24 - [MESSAGE][PASSED] - Text '1' is set on object 'Object Repository/Page_Sign in or Register  edX/input_password'

2018-08-28 16:29:24 - [TEST_STEP][PASSED] - selectOptionByValue: All options with value 'AW' are selected in object 'Object Repository/Page_Sign in or Register  edX/select_Afghanistan'  using regular expression

2018-08-28 16:29:26 - [MESSAGE][PASSED] - All options with value 'AW' are selected in object 'Object Repository/Page_Sign in or Register  edX/select_Afghanistan'  using regular expression

2018-08-28 16:29:26 - [TEST_STEP][PASSED] - click: Object: 'Object Repository/Page_Sign in or Register  edX/button_Create Account' is clicked on

2018-08-28 16:29:27 - [MESSAGE][PASSED] - Object: 'Object Repository/Page_Sign in or Register  edX/button_Create Account' is clicked on

2018-08-28 16:29:27 - [TEST_STEP][PASSED] - Statement - text = com.kms.katalon.core.webui.keyword.WebUiBuiltInKeywords.getText(com.kms.katalon.core.testobject.ObjectRepository.findTestObject(Page_Sign in or Register  edX/li_Enter a password with at le)): Text of object 'Object Repository/Page_Sign in or Register  edX/li_Enter a password with at le' is: 'Enter a password with at least 8 characters & 1 letter.'

2018-08-28 16:29:27 - [MESSAGE][PASSED] - Text of object 'Object Repository/Page_Sign in or Register  edX/li_Enter a password with at le' is: 'Enter a password with at least 8 characters & 1 letter.'

2018-08-28 16:29:27 - [TEST_STEP][PASSED] - verifyTextPresent: Text 'Enter a password with at least 8 characters & 1 letter.' is present on page 

2018-08-28 16:29:27 - [MESSAGE][PASSED] - Text 'Enter a password with at least 8 characters & 1 letter.' is present on page 

2018-08-28 16:29:27 - [TEST_STEP][PASSED] - closeBrowser: Browser is closed

2018-08-28 16:29:27 - [MESSAGE][PASSED] - Browser is closed]]></system-out>
         <system-err><![CDATA[]]></system-err>
      </testcase>
      <testcase name="Test Cases/case2" classname="Test Cases/case2" status="FAILED">
         <failure type="FAILED" message="Unable to verify text 'Username must be between 2 and 30 characters long.' is present  (Root cause: Text 'Username must be between 2 and 30 characters long.' is not present on page )"/>
         <system-out><![CDATA[2018-08-28 16:29:27 - [TEST_CASE][FAILED] - Test Cases/case2: Test Cases/case2 FAILED because (of) Unable to verify text 'Username must be between 2 and 30 characters long.' is present  (Root cause: Text 'Username must be between 2 and 30 characters long.' is not present on page )

2018-08-28 16:29:27 - [TEST_STEP][PASSED] - openBrowser: Browser is opened with url: ''

2018-08-28 16:29:29 - [MESSAGE][PASSED] - Browser is opened with url: ''

2018-08-28 16:29:29 - [TEST_STEP][PASSED] - navigateToUrl: Navigate to 'https://courses.edx.org/register' successfully

2018-08-28 16:29:32 - [MESSAGE][PASSED] - Navigate to 'https://courses.edx.org/register' successfully

2018-08-28 16:29:32 - [TEST_STEP][PASSED] - setText: Text 'helena1.mokina@gmail.com' is set on object 'Object Repository/Page_Sign in or Register  edX/input_email'

2018-08-28 16:29:32 - [MESSAGE][PASSED] - Text 'helena1.mokina@gmail.com' is set on object 'Object Repository/Page_Sign in or Register  edX/input_email'

2018-08-28 16:29:32 - [TEST_STEP][PASSED] - setText: Text 'helena' is set on object 'Object Repository/Page_Sign in or Register  edX/input_name'

2018-08-28 16:29:32 - [MESSAGE][PASSED] - Text 'helena' is set on object 'Object Repository/Page_Sign in or Register  edX/input_name'

2018-08-28 16:29:32 - [TEST_STEP][PASSED] - setText: Text '' is set on object 'Object Repository/Page_Sign in or Register  edX/input_username'

2018-08-28 16:29:32 - [MESSAGE][PASSED] - Text '' is set on object 'Object Repository/Page_Sign in or Register  edX/input_username'

2018-08-28 16:29:32 - [TEST_STEP][PASSED] - setText: Text 'Welcome1' is set on object 'Object Repository/Page_Sign in or Register  edX/input_password'

2018-08-28 16:29:32 - [MESSAGE][PASSED] - Text 'Welcome1' is set on object 'Object Repository/Page_Sign in or Register  edX/input_password'

2018-08-28 16:29:32 - [TEST_STEP][PASSED] - selectOptionByValue: All options with value 'AW' are selected in object 'Object Repository/Page_Sign in or Register  edX/select_Afghanistan'  using regular expression

2018-08-28 16:29:34 - [MESSAGE][PASSED] - All options with value 'AW' are selected in object 'Object Repository/Page_Sign in or Register  edX/select_Afghanistan'  using regular expression

2018-08-28 16:29:34 - [TEST_STEP][PASSED] - click: Object: 'Object Repository/Page_Sign in or Register  edX/button_Create Account' is clicked on

2018-08-28 16:29:35 - [MESSAGE][PASSED] - Object: 'Object Repository/Page_Sign in or Register  edX/button_Create Account' is clicked on

2018-08-28 16:29:35 - [TEST_STEP][PASSED] - Statement - text = com.kms.katalon.core.webui.keyword.WebUiBuiltInKeywords.getText(com.kms.katalon.core.testobject.ObjectRepository.findTestObject(Page_Sign in or Register  edX/li_Enter a password with at le)): Text of object 'Object Repository/Page_Sign in or Register  edX/li_Enter a password with at le' is: 'Please enter your Public Username.'

2018-08-28 16:29:35 - [MESSAGE][PASSED] - Text of object 'Object Repository/Page_Sign in or Register  edX/li_Enter a password with at le' is: 'Please enter your Public Username.'

2018-08-28 16:29:35 - [TEST_STEP][FAILED] - verifyTextPresent: Unable to verify text 'Username must be between 2 and 30 characters long.' is present  (Root cause: Text 'Username must be between 2 and 30 characters long.' is not present on page )

2018-08-28 16:29:35 - [MESSAGE][FAILED] - Text 'Username must be between 2 and 30 characters long.' is not present on page 

2018-08-28 16:29:35 - [MESSAGE][FAILED] - Unable to verify text 'Username must be between 2 and 30 characters long.' is present  (Root cause: Text 'Username must be between 2 and 30 characters long.' is not present on page )
[[ATTACHMENT|C:\\My doc\\Katalon\\wwwww\\Reports\\TestSuiteCase2\\20180828_162916\\1535462975635.png]]]]></system-out>
         <system-err><![CDATA[2018-08-28 16:29:27 - [TEST_CASE][FAILED] - Test Cases/case2: Test Cases/case2 FAILED because (of) Unable to verify text 'Username must be between 2 and 30 characters long.' is present  (Root cause: Text 'Username must be between 2 and 30 characters long.' is not present on page )]]></system-err>
      </testcase>
      <testcase name="Test Cases/case2" classname="Test Cases/case2" status="PASSED">
         <system-out><![CDATA[2018-08-28 16:29:35 - [TEST_CASE][PASSED] - Test Cases/case2: Test Cases/case2

2018-08-28 16:29:35 - [TEST_STEP][PASSED] - openBrowser: Browser is opened with url: ''

2018-08-28 16:29:35 - [MESSAGE][WARNING] - A browser is already opened. Closing browser and opening a new one

2018-08-28 16:29:38 - [MESSAGE][PASSED] - Browser is opened with url: ''

2018-08-28 16:29:38 - [TEST_STEP][PASSED] - navigateToUrl: Navigate to 'https://courses.edx.org/register' successfully

2018-08-28 16:29:40 - [MESSAGE][PASSED] - Navigate to 'https://courses.edx.org/register' successfully

2018-08-28 16:29:40 - [TEST_STEP][PASSED] - setText: Text 'helena1.mokina@gmail.com' is set on object 'Object Repository/Page_Sign in or Register  edX/input_email'

2018-08-28 16:29:40 - [MESSAGE][PASSED] - Text 'helena1.mokina@gmail.com' is set on object 'Object Repository/Page_Sign in or Register  edX/input_email'

2018-08-28 16:29:40 - [TEST_STEP][PASSED] - setText: Text '' is set on object 'Object Repository/Page_Sign in or Register  edX/input_name'

2018-08-28 16:29:40 - [MESSAGE][PASSED] - Text '' is set on object 'Object Repository/Page_Sign in or Register  edX/input_name'

2018-08-28 16:29:40 - [TEST_STEP][PASSED] - setText: Text 'helenjohn' is set on object 'Object Repository/Page_Sign in or Register  edX/input_username'

2018-08-28 16:29:41 - [MESSAGE][PASSED] - Text 'helenjohn' is set on object 'Object Repository/Page_Sign in or Register  edX/input_username'

2018-08-28 16:29:41 - [TEST_STEP][PASSED] - setText: Text 'Welcome1' is set on object 'Object Repository/Page_Sign in or Register  edX/input_password'

2018-08-28 16:29:41 - [MESSAGE][PASSED] - Text 'Welcome1' is set on object 'Object Repository/Page_Sign in or Register  edX/input_password'

2018-08-28 16:29:41 - [TEST_STEP][PASSED] - selectOptionByValue: All options with value 'AW' are selected in object 'Object Repository/Page_Sign in or Register  edX/select_Afghanistan'  using regular expression

2018-08-28 16:29:43 - [MESSAGE][PASSED] - All options with value 'AW' are selected in object 'Object Repository/Page_Sign in or Register  edX/select_Afghanistan'  using regular expression

2018-08-28 16:29:43 - [TEST_STEP][PASSED] - click: Object: 'Object Repository/Page_Sign in or Register  edX/button_Create Account' is clicked on

2018-08-28 16:29:43 - [MESSAGE][PASSED] - Object: 'Object Repository/Page_Sign in or Register  edX/button_Create Account' is clicked on

2018-08-28 16:29:43 - [TEST_STEP][PASSED] - Statement - text = com.kms.katalon.core.webui.keyword.WebUiBuiltInKeywords.getText(com.kms.katalon.core.testobject.ObjectRepository.findTestObject(Page_Sign in or Register  edX/li_Enter a password with at le)): Text of object 'Object Repository/Page_Sign in or Register  edX/li_Enter a password with at le' is: 'Enter your full name.'

2018-08-28 16:29:43 - [MESSAGE][PASSED] - Text of object 'Object Repository/Page_Sign in or Register  edX/li_Enter a password with at le' is: 'Enter your full name.'

2018-08-28 16:29:43 - [TEST_STEP][PASSED] - verifyTextPresent: Text 'Enter your full name.' is present on page 

2018-08-28 16:29:43 - [MESSAGE][PASSED] - Text 'Enter your full name.' is present on page 

2018-08-28 16:29:43 - [TEST_STEP][PASSED] - closeBrowser: Browser is closed

2018-08-28 16:29:44 - [MESSAGE][PASSED] - Browser is closed]]></system-out>
         <system-err><![CDATA[]]></system-err>
      </testcase>
      <testcase name="Test Cases/case2" classname="Test Cases/case2" status="FAILED">
         <failure type="FAILED" message="Unable to verify text 'Test' is present  (Root cause: Text 'Test' is not present on page )"/>
         <system-out><![CDATA[2018-08-28 16:29:44 - [TEST_CASE][FAILED] - Test Cases/case2: Test Cases/case2 FAILED because (of) Unable to verify text 'Test' is present  (Root cause: Text 'Test' is not present on page )

2018-08-28 16:29:44 - [TEST_STEP][PASSED] - openBrowser: Browser is opened with url: ''

2018-08-28 16:29:46 - [MESSAGE][PASSED] - Browser is opened with url: ''

2018-08-28 16:29:46 - [TEST_STEP][PASSED] - navigateToUrl: Navigate to 'https://courses.edx.org/register' successfully

2018-08-28 16:29:50 - [MESSAGE][PASSED] - Navigate to 'https://courses.edx.org/register' successfully

2018-08-28 16:29:50 - [TEST_STEP][PASSED] - setText: Text 'helena1.mokina@gmail.com' is set on object 'Object Repository/Page_Sign in or Register  edX/input_email'

2018-08-28 16:29:50 - [MESSAGE][PASSED] - Text 'helena1.mokina@gmail.com' is set on object 'Object Repository/Page_Sign in or Register  edX/input_email'

2018-08-28 16:29:50 - [TEST_STEP][PASSED] - setText: Text '' is set on object 'Object Repository/Page_Sign in or Register  edX/input_name'

2018-08-28 16:29:50 - [MESSAGE][PASSED] - Text '' is set on object 'Object Repository/Page_Sign in or Register  edX/input_name'

2018-08-28 16:29:50 - [TEST_STEP][PASSED] - setText: Text 'helenjohn' is set on object 'Object Repository/Page_Sign in or Register  edX/input_username'

2018-08-28 16:29:50 - [MESSAGE][PASSED] - Text 'helenjohn' is set on object 'Object Repository/Page_Sign in or Register  edX/input_username'

2018-08-28 16:29:50 - [TEST_STEP][PASSED] - setText: Text 'Welcome1' is set on object 'Object Repository/Page_Sign in or Register  edX/input_password'

2018-08-28 16:29:50 - [MESSAGE][PASSED] - Text 'Welcome1' is set on object 'Object Repository/Page_Sign in or Register  edX/input_password'

2018-08-28 16:29:50 - [TEST_STEP][PASSED] - selectOptionByValue: All options with value 'AW' are selected in object 'Object Repository/Page_Sign in or Register  edX/select_Afghanistan'  using regular expression

2018-08-28 16:29:52 - [MESSAGE][PASSED] - All options with value 'AW' are selected in object 'Object Repository/Page_Sign in or Register  edX/select_Afghanistan'  using regular expression

2018-08-28 16:29:52 - [TEST_STEP][PASSED] - click: Object: 'Object Repository/Page_Sign in or Register  edX/button_Create Account' is clicked on

2018-08-28 16:29:52 - [MESSAGE][PASSED] - Object: 'Object Repository/Page_Sign in or Register  edX/button_Create Account' is clicked on

2018-08-28 16:29:52 - [TEST_STEP][PASSED] - Statement - text = com.kms.katalon.core.webui.keyword.WebUiBuiltInKeywords.getText(com.kms.katalon.core.testobject.ObjectRepository.findTestObject(Page_Sign in or Register  edX/li_Enter a password with at le)): Text of object 'Object Repository/Page_Sign in or Register  edX/li_Enter a password with at le' is: 'Please enter your Full Name.'

2018-08-28 16:29:52 - [MESSAGE][PASSED] - Text of object 'Object Repository/Page_Sign in or Register  edX/li_Enter a password with at le' is: 'Please enter your Full Name.'

2018-08-28 16:29:52 - [TEST_STEP][FAILED] - verifyTextPresent: Unable to verify text 'Test' is present  (Root cause: Text 'Test' is not present on page )

2018-08-28 16:29:53 - [MESSAGE][FAILED] - Text 'Test' is not present on page 

2018-08-28 16:29:53 - [MESSAGE][FAILED] - Unable to verify text 'Test' is present  (Root cause: Text 'Test' is not present on page )
[[ATTACHMENT|C:\\My doc\\Katalon\\wwwww\\Reports\\TestSuiteCase2\\20180828_162916\\1535462993181.png]]]]></system-out>
         <system-err><![CDATA[2018-08-28 16:29:44 - [TEST_CASE][FAILED] - Test Cases/case2: Test Cases/case2 FAILED because (of) Unable to verify text 'Test' is present  (Root cause: Text 'Test' is not present on page )]]></system-err>
      </testcase>
      <testcase name="Test Cases/case3-SignIn" classname="Test Cases/case3-SignIn" status="PASSED">
         <system-out><![CDATA[2018-08-28 16:29:53 - [TEST_CASE][PASSED] - Test Cases/case3-SignIn: Test Cases/case3-SignIn

2018-08-28 16:29:53 - [TEST_STEP][PASSED] - openBrowser: Browser is opened with url: ''

2018-08-28 16:29:53 - [MESSAGE][WARNING] - A browser is already opened. Closing browser and opening a new one

2018-08-28 16:29:55 - [MESSAGE][PASSED] - Browser is opened with url: ''

2018-08-28 16:29:55 - [TEST_STEP][PASSED] - navigateToUrl: Navigate to 'https://www.edx.org' successfully

2018-08-28 16:29:58 - [MESSAGE][PASSED] - Navigate to 'https://www.edx.org' successfully

2018-08-28 16:29:58 - [TEST_STEP][PASSED] - click: Object: 'Object Repository/SignIn/SignInButton' is clicked on

2018-08-28 16:30:01 - [MESSAGE][PASSED] - Object: 'Object Repository/SignIn/SignInButton' is clicked on

2018-08-28 16:30:01 - [TEST_STEP][PASSED] - setText: Text 'helena.mokina@gmail.com' is set on object 'Object Repository/SignIn/LoginEmail'

2018-08-28 16:30:02 - [MESSAGE][PASSED] - Text 'helena.mokina@gmail.com' is set on object 'Object Repository/SignIn/LoginEmail'

2018-08-28 16:30:02 - [TEST_STEP][PASSED] - setText: Text 'Welcome1' is set on object 'Object Repository/SignIn/LoginPassword'

2018-08-28 16:30:02 - [MESSAGE][PASSED] - Text 'Welcome1' is set on object 'Object Repository/SignIn/LoginPassword'

2018-08-28 16:30:02 - [TEST_STEP][PASSED] - click: Object: 'Object Repository/SignIn/BtnSignIn' is clicked on

2018-08-28 16:30:02 - [MESSAGE][PASSED] - Object: 'Object Repository/SignIn/BtnSignIn' is clicked on

2018-08-28 16:30:02 - [TEST_STEP][PASSED] - verifyElementPresent: Object 'Object Repository/SignIn/username' is present

2018-08-28 16:30:02 - [MESSAGE][WARNING] - Timeout '0' is invalid. Using default page load timeout: '30'

2018-08-28 16:30:04 - [MESSAGE][PASSED] - Object 'Object Repository/SignIn/username' is present

2018-08-28 16:30:04 - [TEST_STEP][PASSED] - closeBrowser: Browser is closed

2018-08-28 16:30:04 - [MESSAGE][PASSED] - Browser is closed]]></system-out>
         <system-err><![CDATA[]]></system-err>
      </testcase>
      <system-out><![CDATA[2018-08-28 16:29:17 - [TEST_SUITE][FAILED] - TestSuiteCase2: Test Cases/case2 FAILED because (of) Unable to verify text 'Username must be between 2 and 30 characters long.' is present  (Root cause: Text 'Username must be between 2 and 30 characters long.' is not present on page )]]></system-out>
      <system-err><![CDATA[2018-08-28 16:29:17 - [TEST_SUITE][FAILED] - TestSuiteCase2: Test Cases/case2 FAILED because (of) Unable to verify text 'Username must be between 2 and 30 characters long.' is present  (Root cause: Text 'Username must be between 2 and 30 characters long.' is not present on page )]]></system-err>
   </testsuite>
</testsuites>
