<?xml version="1.0" encoding="UTF-8"?>
<testsuites name="TestSuiteCase2" time="71" tests="0" failures="4" errors="0">
   <testsuite name="TestSuiteCase2" tests="0" failures="4" errors="0" time="71" timestamp="2018-08-28 16:00:36" hostname="Olena_Mokina - EPUAVINW0211.kyiv.epam.com" id="Test Suites/TestSuiteCase2">
      <properties>
         <property name="deviceName" value=""/>
         <property name="devicePlatform" value=""/>
         <property name="logFolder" value="C:\\My doc\\Katalon\\wwwww\\Reports\\TestSuiteCase2\\20180828_155741"/>
         <property name="logFiles" value="C:\\My doc\\Katalon\\wwwww\\Reports\\TestSuiteCase2\\20180828_155741\\execution0.log"/>
         <property name="attachments" value="C:\\My doc\\Katalon\\wwwww\\Reports\\TestSuiteCase2\\20180828_155741\\1535461242493.png, C:\\My doc\\Katalon\\wwwww\\Reports\\TestSuiteCase2\\20180828_155741\\1535461279237.png, C:\\My doc\\Katalon\\wwwww\\Reports\\TestSuiteCase2\\20180828_155741\\1535461285516.png, C:\\My doc\\Katalon\\wwwww\\Reports\\TestSuiteCase2\\20180828_155741\\1535461304842.png"/>
         <property name="hostName" value="Olena_Mokina - EPUAVINW0211.kyiv.epam.com"/>
         <property name="os" value="Windows 10 64bit"/>
         <property name="katalonVersion" value="5.6.1.1"/>
         <property name="browser" value="Edge 16"/>
         <property name="hostAddress" value="10.24.12.187"/>
         <property name="sessionId" value="C4C4CE70-1C9B-4ABA-A738-5DE35A1FC60D"/>
         <property name="seleniumVersion" value="3.7.1"/>
         <property name="proxyInformation" value="ProxyInformation{proxyOption=NO_PROXY, proxyServerType=HTTP, password=, proxyServerAddress=, proxyServerPort=0}"/>
         <property name="platform" value="Windows 10"/>
      </properties>
      <testcase name="Test Cases/case2" classname="Test Cases/case2" status="FAILED">
         <failure type="FAILED" message="Unable to verify text 'Enter a password with at least 8 characters &amp; 1 letter.' is present  (Root cause: Text 'Enter a password with at least 8 characters &amp; 1 letter.' is not present on page )"/>
         <system-out><![CDATA[2018-08-28 16:00:36 - [TEST_CASE][FAILED] - Test Cases/case2: Test Cases/case2 FAILED because (of) Unable to verify text 'Enter a password with at least 8 characters & 1 letter.' is present  (Root cause: Text 'Enter a password with at least 8 characters & 1 letter.' is not present on page )

2018-08-28 16:00:36 - [TEST_STEP][PASSED] - openBrowser: Browser is opened with url: ''

2018-08-28 16:00:38 - [MESSAGE][PASSED] - Browser is opened with url: ''

2018-08-28 16:00:38 - [TEST_STEP][PASSED] - navigateToUrl: Navigate to 'https://courses.edx.org/register' successfully

2018-08-28 16:00:41 - [MESSAGE][PASSED] - Navigate to 'https://courses.edx.org/register' successfully

2018-08-28 16:00:41 - [TEST_STEP][PASSED] - setText: Text 'helena1.mokina@gmail.com' is set on object 'Object Repository/Page_Sign in or Register  edX/input_email'

2018-08-28 16:00:41 - [MESSAGE][PASSED] - Text 'helena1.mokina@gmail.com' is set on object 'Object Repository/Page_Sign in or Register  edX/input_email'

2018-08-28 16:00:41 - [TEST_STEP][PASSED] - setText: Text 'helena' is set on object 'Object Repository/Page_Sign in or Register  edX/input_name'

2018-08-28 16:00:41 - [MESSAGE][PASSED] - Text 'helena' is set on object 'Object Repository/Page_Sign in or Register  edX/input_name'

2018-08-28 16:00:41 - [TEST_STEP][PASSED] - setText: Text 'helenjohn' is set on object 'Object Repository/Page_Sign in or Register  edX/input_username'

2018-08-28 16:00:41 - [MESSAGE][PASSED] - Text 'helenjohn' is set on object 'Object Repository/Page_Sign in or Register  edX/input_username'

2018-08-28 16:00:41 - [TEST_STEP][PASSED] - setText: Text '1' is set on object 'Object Repository/Page_Sign in or Register  edX/input_password'

2018-08-28 16:00:41 - [MESSAGE][PASSED] - Text '1' is set on object 'Object Repository/Page_Sign in or Register  edX/input_password'

2018-08-28 16:00:41 - [TEST_STEP][PASSED] - selectOptionByValue: All options with value 'AW' are selected in object 'Object Repository/Page_Sign in or Register  edX/select_Afghanistan'  using regular expression

2018-08-28 16:00:42 - [MESSAGE][PASSED] - All options with value 'AW' are selected in object 'Object Repository/Page_Sign in or Register  edX/select_Afghanistan'  using regular expression

2018-08-28 16:00:42 - [TEST_STEP][PASSED] - click: Object: 'Object Repository/Page_Sign in or Register  edX/button_Create Account' is clicked on

2018-08-28 16:00:42 - [MESSAGE][PASSED] - Object: 'Object Repository/Page_Sign in or Register  edX/button_Create Account' is clicked on

2018-08-28 16:00:42 - [TEST_STEP][PASSED] - Statement - text = com.kms.katalon.core.webui.keyword.WebUiBuiltInKeywords.getText(com.kms.katalon.core.testobject.ObjectRepository.findTestObject(Page_Sign in or Register  edX/li_Enter a password with at le)): Text of object 'Object Repository/Page_Sign in or Register  edX/li_Enter a password with at le' is: 'Password must have at least 8 characters.'

2018-08-28 16:00:42 - [MESSAGE][PASSED] - Text of object 'Object Repository/Page_Sign in or Register  edX/li_Enter a password with at le' is: 'Password must have at least 8 characters.'

2018-08-28 16:00:42 - [TEST_STEP][FAILED] - verifyTextPresent: Unable to verify text 'Enter a password with at least 8 characters & 1 letter.' is present  (Root cause: Text 'Enter a password with at least 8 characters & 1 letter.' is not present on page )

2018-08-28 16:00:42 - [MESSAGE][FAILED] - Text 'Enter a password with at least 8 characters & 1 letter.' is not present on page 

2018-08-28 16:00:42 - [MESSAGE][FAILED] - Unable to verify text 'Enter a password with at least 8 characters & 1 letter.' is present  (Root cause: Text 'Enter a password with at least 8 characters & 1 letter.' is not present on page )
[[ATTACHMENT|C:\\My doc\\Katalon\\wwwww\\Reports\\TestSuiteCase2\\20180828_155741\\1535461242493.png]]]]></system-out>
         <system-err><![CDATA[2018-08-28 16:00:36 - [TEST_CASE][FAILED] - Test Cases/case2: Test Cases/case2 FAILED because (of) Unable to verify text 'Enter a password with at least 8 characters & 1 letter.' is present  (Root cause: Text 'Enter a password with at least 8 characters & 1 letter.' is not present on page )]]></system-err>
      </testcase>
      <testcase name="Test Cases/case2" classname="Test Cases/case2" status="FAILED">
         <failure type="FAILED" message="Unable to get text of object 'Object Repository/Page_Sign in or Register  edX/li_Enter a password with at le' (Root cause: com.kms.katalon.core.webui.exception.WebElementNotFoundException: Web element with id: 'Object Repository/Page_Sign in or Register  edX/li_Enter a password with at le' located by 'By.xpath: //ul[@class='message-copy']/li' not found)"/>
         <system-out><![CDATA[2018-08-28 16:00:42 - [TEST_CASE][FAILED] - Test Cases/case2: Test Cases/case2 FAILED because (of) Unable to get text of object 'Object Repository/Page_Sign in or Register  edX/li_Enter a password with at le' (Root cause: com.kms.katalon.core.webui.exception.WebElementNotFoundException: Web element with id: 'Object Repository/Page_Sign in or Register  edX/li_Enter a password with at le' located by 'By.xpath: //ul[@class='message-copy']/li' not found)

2018-08-28 16:00:42 - [TEST_STEP][PASSED] - openBrowser: Browser is opened with url: ''

2018-08-28 16:00:42 - [MESSAGE][WARNING] - A browser is already opened. Closing browser and opening a new one

2018-08-28 16:00:46 - [MESSAGE][PASSED] - Browser is opened with url: ''

2018-08-28 16:00:46 - [TEST_STEP][PASSED] - navigateToUrl: Navigate to 'https://courses.edx.org/register' successfully

2018-08-28 16:00:48 - [MESSAGE][PASSED] - Navigate to 'https://courses.edx.org/register' successfully

2018-08-28 16:00:48 - [TEST_STEP][PASSED] - setText: Text 'helena1.mokina@gmail.com' is set on object 'Object Repository/Page_Sign in or Register  edX/input_email'

2018-08-28 16:00:48 - [MESSAGE][PASSED] - Text 'helena1.mokina@gmail.com' is set on object 'Object Repository/Page_Sign in or Register  edX/input_email'

2018-08-28 16:00:48 - [TEST_STEP][PASSED] - setText: Text 'helena' is set on object 'Object Repository/Page_Sign in or Register  edX/input_name'

2018-08-28 16:00:48 - [MESSAGE][PASSED] - Text 'helena' is set on object 'Object Repository/Page_Sign in or Register  edX/input_name'

2018-08-28 16:00:48 - [TEST_STEP][PASSED] - setText: Text '' is set on object 'Object Repository/Page_Sign in or Register  edX/input_username'

2018-08-28 16:00:48 - [MESSAGE][PASSED] - Text '' is set on object 'Object Repository/Page_Sign in or Register  edX/input_username'

2018-08-28 16:00:48 - [TEST_STEP][PASSED] - setText: Text 'Welcome1' is set on object 'Object Repository/Page_Sign in or Register  edX/input_password'

2018-08-28 16:00:48 - [MESSAGE][PASSED] - Text 'Welcome1' is set on object 'Object Repository/Page_Sign in or Register  edX/input_password'

2018-08-28 16:00:48 - [TEST_STEP][PASSED] - selectOptionByValue: All options with value 'AW' are selected in object 'Object Repository/Page_Sign in or Register  edX/select_Afghanistan'  using regular expression

2018-08-28 16:00:48 - [MESSAGE][PASSED] - All options with value 'AW' are selected in object 'Object Repository/Page_Sign in or Register  edX/select_Afghanistan'  using regular expression

2018-08-28 16:00:48 - [TEST_STEP][PASSED] - click: Object: 'Object Repository/Page_Sign in or Register  edX/button_Create Account' is clicked on

2018-08-28 16:00:48 - [MESSAGE][PASSED] - Object: 'Object Repository/Page_Sign in or Register  edX/button_Create Account' is clicked on

2018-08-28 16:00:48 - [TEST_STEP][FAILED] - Statement - text = com.kms.katalon.core.webui.keyword.WebUiBuiltInKeywords.getText(com.kms.katalon.core.testobject.ObjectRepository.findTestObject(Page_Sign in or Register  edX/li_Enter a password with at le)): Unable to get text of object 'Object Repository/Page_Sign in or Register  edX/li_Enter a password with at le' (Root cause: com.kms.katalon.core.webui.exception.WebElementNotFoundException: Web element with id: 'Object Repository/Page_Sign in or Register  edX/li_Enter a password with at le' located by 'By.xpath: //ul[@class='message-copy']/li' not found)

2018-08-28 16:01:19 - [MESSAGE][FAILED] - Unable to get text of object 'Object Repository/Page_Sign in or Register  edX/li_Enter a password with at le' (Root cause: com.kms.katalon.core.webui.exception.WebElementNotFoundException: Web element with id: 'Object Repository/Page_Sign in or Register  edX/li_Enter a password with at le' located by 'By.xpath: //ul[@class='message-copy']/li' not found)
[[ATTACHMENT|C:\\My doc\\Katalon\\wwwww\\Reports\\TestSuiteCase2\\20180828_155741\\1535461279237.png]]]]></system-out>
         <system-err><![CDATA[2018-08-28 16:00:42 - [TEST_CASE][FAILED] - Test Cases/case2: Test Cases/case2 FAILED because (of) Unable to get text of object 'Object Repository/Page_Sign in or Register  edX/li_Enter a password with at le' (Root cause: com.kms.katalon.core.webui.exception.WebElementNotFoundException: Web element with id: 'Object Repository/Page_Sign in or Register  edX/li_Enter a password with at le' located by 'By.xpath: //ul[@class='message-copy']/li' not found)]]></system-err>
      </testcase>
      <testcase name="Test Cases/case2" classname="Test Cases/case2" status="FAILED">
         <failure type="FAILED" message="Unable to verify text 'Enter your full name.' is present  (Root cause: Text 'Enter your full name.' is not present on page )"/>
         <system-out><![CDATA[2018-08-28 16:01:19 - [TEST_CASE][FAILED] - Test Cases/case2: Test Cases/case2 FAILED because (of) Unable to verify text 'Enter your full name.' is present  (Root cause: Text 'Enter your full name.' is not present on page )

2018-08-28 16:01:19 - [TEST_STEP][PASSED] - openBrowser: Browser is opened with url: ''

2018-08-28 16:01:19 - [MESSAGE][WARNING] - A browser is already opened. Closing browser and opening a new one

2018-08-28 16:01:23 - [MESSAGE][PASSED] - Browser is opened with url: ''

2018-08-28 16:01:23 - [TEST_STEP][PASSED] - navigateToUrl: Navigate to 'https://courses.edx.org/register' successfully

2018-08-28 16:01:24 - [MESSAGE][PASSED] - Navigate to 'https://courses.edx.org/register' successfully

2018-08-28 16:01:24 - [TEST_STEP][PASSED] - setText: Text 'helena1.mokina@gmail.com' is set on object 'Object Repository/Page_Sign in or Register  edX/input_email'

2018-08-28 16:01:24 - [MESSAGE][PASSED] - Text 'helena1.mokina@gmail.com' is set on object 'Object Repository/Page_Sign in or Register  edX/input_email'

2018-08-28 16:01:24 - [TEST_STEP][PASSED] - setText: Text '' is set on object 'Object Repository/Page_Sign in or Register  edX/input_name'

2018-08-28 16:01:24 - [MESSAGE][PASSED] - Text '' is set on object 'Object Repository/Page_Sign in or Register  edX/input_name'

2018-08-28 16:01:24 - [TEST_STEP][PASSED] - setText: Text 'helenjohn' is set on object 'Object Repository/Page_Sign in or Register  edX/input_username'

2018-08-28 16:01:24 - [MESSAGE][PASSED] - Text 'helenjohn' is set on object 'Object Repository/Page_Sign in or Register  edX/input_username'

2018-08-28 16:01:24 - [TEST_STEP][PASSED] - setText: Text 'Welcome1' is set on object 'Object Repository/Page_Sign in or Register  edX/input_password'

2018-08-28 16:01:24 - [MESSAGE][PASSED] - Text 'Welcome1' is set on object 'Object Repository/Page_Sign in or Register  edX/input_password'

2018-08-28 16:01:24 - [TEST_STEP][PASSED] - selectOptionByValue: All options with value 'AW' are selected in object 'Object Repository/Page_Sign in or Register  edX/select_Afghanistan'  using regular expression

2018-08-28 16:01:25 - [MESSAGE][PASSED] - All options with value 'AW' are selected in object 'Object Repository/Page_Sign in or Register  edX/select_Afghanistan'  using regular expression

2018-08-28 16:01:25 - [TEST_STEP][PASSED] - click: Object: 'Object Repository/Page_Sign in or Register  edX/button_Create Account' is clicked on

2018-08-28 16:01:25 - [MESSAGE][PASSED] - Object: 'Object Repository/Page_Sign in or Register  edX/button_Create Account' is clicked on

2018-08-28 16:01:25 - [TEST_STEP][PASSED] - Statement - text = com.kms.katalon.core.webui.keyword.WebUiBuiltInKeywords.getText(com.kms.katalon.core.testobject.ObjectRepository.findTestObject(Page_Sign in or Register  edX/li_Enter a password with at le)): Text of object 'Object Repository/Page_Sign in or Register  edX/li_Enter a password with at le' is: 'Please enter your Full Name.'

2018-08-28 16:01:25 - [MESSAGE][PASSED] - Text of object 'Object Repository/Page_Sign in or Register  edX/li_Enter a password with at le' is: 'Please enter your Full Name.'

2018-08-28 16:01:25 - [TEST_STEP][FAILED] - verifyTextPresent: Unable to verify text 'Enter your full name.' is present  (Root cause: Text 'Enter your full name.' is not present on page )

2018-08-28 16:01:25 - [MESSAGE][FAILED] - Text 'Enter your full name.' is not present on page 

2018-08-28 16:01:25 - [MESSAGE][FAILED] - Unable to verify text 'Enter your full name.' is present  (Root cause: Text 'Enter your full name.' is not present on page )
[[ATTACHMENT|C:\\My doc\\Katalon\\wwwww\\Reports\\TestSuiteCase2\\20180828_155741\\1535461285516.png]]]]></system-out>
         <system-err><![CDATA[2018-08-28 16:01:19 - [TEST_CASE][FAILED] - Test Cases/case2: Test Cases/case2 FAILED because (of) Unable to verify text 'Enter your full name.' is present  (Root cause: Text 'Enter your full name.' is not present on page )]]></system-err>
      </testcase>
      <testcase name="Test Cases/case2" classname="Test Cases/case2" status="FAILED">
         <failure type="FAILED" message="Unable to verify text 'Test' is present  (Root cause: Text 'Test' is not present on page )"/>
         <system-out><![CDATA[2018-08-28 16:01:25 - [TEST_CASE][FAILED] - Test Cases/case2: Test Cases/case2 FAILED because (of) Unable to verify text 'Test' is present  (Root cause: Text 'Test' is not present on page )

2018-08-28 16:01:25 - [TEST_STEP][PASSED] - openBrowser: Browser is opened with url: ''

2018-08-28 16:01:25 - [MESSAGE][WARNING] - A browser is already opened. Closing browser and opening a new one

2018-08-28 16:01:29 - [MESSAGE][PASSED] - Browser is opened with url: ''

2018-08-28 16:01:29 - [TEST_STEP][PASSED] - navigateToUrl: Navigate to 'https://courses.edx.org/register' successfully

2018-08-28 16:01:31 - [MESSAGE][PASSED] - Navigate to 'https://courses.edx.org/register' successfully

2018-08-28 16:01:31 - [TEST_STEP][PASSED] - setText: Text 'helena1.mokina@gmail.com' is set on object 'Object Repository/Page_Sign in or Register  edX/input_email'

2018-08-28 16:01:31 - [MESSAGE][PASSED] - Text 'helena1.mokina@gmail.com' is set on object 'Object Repository/Page_Sign in or Register  edX/input_email'

2018-08-28 16:01:31 - [TEST_STEP][PASSED] - setText: Text '' is set on object 'Object Repository/Page_Sign in or Register  edX/input_name'

2018-08-28 16:01:31 - [MESSAGE][PASSED] - Text '' is set on object 'Object Repository/Page_Sign in or Register  edX/input_name'

2018-08-28 16:01:31 - [TEST_STEP][PASSED] - setText: Text 'helenjohn' is set on object 'Object Repository/Page_Sign in or Register  edX/input_username'

2018-08-28 16:01:31 - [MESSAGE][PASSED] - Text 'helenjohn' is set on object 'Object Repository/Page_Sign in or Register  edX/input_username'

2018-08-28 16:01:31 - [TEST_STEP][PASSED] - setText: Text 'Welcome1' is set on object 'Object Repository/Page_Sign in or Register  edX/input_password'

2018-08-28 16:01:31 - [MESSAGE][PASSED] - Text 'Welcome1' is set on object 'Object Repository/Page_Sign in or Register  edX/input_password'

2018-08-28 16:01:31 - [TEST_STEP][PASSED] - selectOptionByValue: All options with value 'AW' are selected in object 'Object Repository/Page_Sign in or Register  edX/select_Afghanistan'  using regular expression

2018-08-28 16:01:32 - [MESSAGE][PASSED] - All options with value 'AW' are selected in object 'Object Repository/Page_Sign in or Register  edX/select_Afghanistan'  using regular expression

2018-08-28 16:01:32 - [TEST_STEP][PASSED] - click: Object: 'Object Repository/Page_Sign in or Register  edX/button_Create Account' is clicked on

2018-08-28 16:01:32 - [MESSAGE][PASSED] - Object: 'Object Repository/Page_Sign in or Register  edX/button_Create Account' is clicked on

2018-08-28 16:01:32 - [TEST_STEP][PASSED] - Statement - text = com.kms.katalon.core.webui.keyword.WebUiBuiltInKeywords.getText(com.kms.katalon.core.testobject.ObjectRepository.findTestObject(Page_Sign in or Register  edX/li_Enter a password with at le)): Text of object 'Object Repository/Page_Sign in or Register  edX/li_Enter a password with at le' is: 'Enter your full name.'

2018-08-28 16:01:44 - [MESSAGE][PASSED] - Text of object 'Object Repository/Page_Sign in or Register  edX/li_Enter a password with at le' is: 'Enter your full name.'

2018-08-28 16:01:44 - [TEST_STEP][FAILED] - verifyTextPresent: Unable to verify text 'Test' is present  (Root cause: Text 'Test' is not present on page )

2018-08-28 16:01:44 - [MESSAGE][FAILED] - Text 'Test' is not present on page 

2018-08-28 16:01:44 - [MESSAGE][FAILED] - Unable to verify text 'Test' is present  (Root cause: Text 'Test' is not present on page )
[[ATTACHMENT|C:\\My doc\\Katalon\\wwwww\\Reports\\TestSuiteCase2\\20180828_155741\\1535461304842.png]]]]></system-out>
         <system-err><![CDATA[2018-08-28 16:01:25 - [TEST_CASE][FAILED] - Test Cases/case2: Test Cases/case2 FAILED because (of) Unable to verify text 'Test' is present  (Root cause: Text 'Test' is not present on page )]]></system-err>
      </testcase>
      <system-out><![CDATA[2018-08-28 16:00:36 - [TEST_SUITE][FAILED] - TestSuiteCase2: Test Cases/case2 FAILED because (of) Unable to verify text 'Enter a password with at least 8 characters & 1 letter.' is present  (Root cause: Text 'Enter a password with at least 8 characters & 1 letter.' is not present on page )]]></system-out>
      <system-err><![CDATA[2018-08-28 16:00:36 - [TEST_SUITE][FAILED] - TestSuiteCase2: Test Cases/case2 FAILED because (of) Unable to verify text 'Enter a password with at least 8 characters & 1 letter.' is present  (Root cause: Text 'Enter a password with at least 8 characters & 1 letter.' is not present on page )]]></system-err>
   </testsuite>
</testsuites>
